[35m[1mScanning dependencies of target visualization_msgs_generate_messages_lisp[0m
[35m[1mScanning dependencies of target visualization_msgs_generate_messages_nodejs[0m
[35m[1mScanning dependencies of target visualization_msgs_generate_messages_py[0m
[35m[1mScanning dependencies of target tf2_msgs_generate_messages_eus[0m
[35m[1mScanning dependencies of target actionlib_generate_messages_py[0m
[35m[1mScanning dependencies of target tf2_msgs_generate_messages_nodejs[0m
[35m[1mScanning dependencies of target actionlib_msgs_generate_messages_py[0m
[35m[1mScanning dependencies of target nodelet_generate_messages_cpp[0m
[35m[1mScanning dependencies of target tf2_msgs_generate_messages_lisp[0m
[35m[1mScanning dependencies of target visualization_msgs_generate_messages_cpp[0m
[35m[1mScanning dependencies of target actionlib_msgs_generate_messages_cpp[0m
[35m[1mScanning dependencies of target dynamic_reconfigure_gencfg[0m
[35m[1mScanning dependencies of target kal_controller_ros_tool_gencfg[0m
[35m[1mScanning dependencies of target actionlib_generate_messages_cpp[0m
[35m[1mScanning dependencies of target rosinterface_handler_geninterface[0m
[  0%] Built target visualization_msgs_generate_messages_lisp
[  0%] Built target actionlib_generate_messages_py
[ 12%] Built target visualization_msgs_generate_messages_py
[ 12%] [34m[1mGenerating interface files from Controller[0m
[ 12%] Built target tf2_msgs_generate_messages_eus
[ 12%] Built target actionlib_msgs_generate_messages_cpp
[ 12%] Built target tf2_msgs_generate_messages_nodejs
[ 12%] Built target visualization_msgs_generate_messages_nodejs
[ 12%] Built target visualization_msgs_generate_messages_cpp
[ 12%] Built target tf2_msgs_generate_messages_lisp
[ 12%] Built target actionlib_generate_messages_cpp
[ 12%] Built target nodelet_generate_messages_cpp
[ 12%] Built target dynamic_reconfigure_gencfg
[ 12%] Built target actionlib_msgs_generate_messages_py
[ 12%] Built target rosinterface_handler_geninterface
[35m[1mScanning dependencies of target rosinterface_handler_gencfg[0m
[35m[1mScanning dependencies of target rosgraph_msgs_generate_messages_nodejs[0m
[35m[1mScanning dependencies of target std_msgs_generate_messages_cpp[0m
[35m[1mScanning dependencies of target actionlib_msgs_generate_messages_nodejs[0m
[35m[1mScanning dependencies of target nav_msgs_generate_messages_nodejs[0m
[35m[1mScanning dependencies of target actionlib_msgs_generate_messages_lisp[0m
[35m[1mScanning dependencies of target std_msgs_generate_messages_eus[0m
[35m[1mScanning dependencies of target roscpp_generate_messages_py[0m
[35m[1mScanning dependencies of target rosgraph_msgs_generate_messages_py[0m
[35m[1mScanning dependencies of target actionlib_generate_messages_eus[0m
[35m[1mScanning dependencies of target rosgraph_msgs_generate_messages_cpp[0m
[35m[1mScanning dependencies of target nodelet_generate_messages_eus[0m
[35m[1mScanning dependencies of target rosgraph_msgs_generate_messages_lisp[0m
[35m[1mScanning dependencies of target roscpp_generate_messages_nodejs[0m
[ 12%] Built target rosinterface_handler_gencfg
[ 12%] Built target roscpp_generate_messages_py
[ 12%] Built target std_msgs_generate_messages_eus
[ 12%] Built target actionlib_msgs_generate_messages_nodejs
[ 12%] Built target actionlib_msgs_generate_messages_lisp
[ 12%] Built target nodelet_generate_messages_eus
[ 12%] Built target rosgraph_msgs_generate_messages_cpp
[ 12%] Built target rosgraph_msgs_generate_messages_py
[ 12%] Built target rosgraph_msgs_generate_messages_nodejs
[ 12%] Built target actionlib_generate_messages_eus
[ 12%] Built target std_msgs_generate_messages_cpp
[ 12%] Built target nav_msgs_generate_messages_nodejs
[ 12%] Built target rosgraph_msgs_generate_messages_lisp
Generating interface file for node controller (class Controller) in package kal_controller_ros_tool
[ 12%] Built target roscpp_generate_messages_nodejs
[35m[1mScanning dependencies of target roscpp_generate_messages_lisp[0m
[35m[1mScanning dependencies of target _catkin_empty_exported_target[0m
[35m[1mScanning dependencies of target roscpp_generate_messages_eus[0m
[35m[1mScanning dependencies of target actionlib_generate_messages_lisp[0m
[35m[1mScanning dependencies of target ackermann_msgs_generate_messages_cpp[0m
[35m[1mScanning dependencies of target actionlib_generate_messages_nodejs[0m
[35m[1mScanning dependencies of target std_msgs_generate_messages_lisp[0m
[35m[1mScanning dependencies of target actionlib_msgs_generate_messages_eus[0m
[35m[1mScanning dependencies of target dynamic_reconfigure_generate_messages_py[0m
[35m[1mScanning dependencies of target std_msgs_generate_messages_nodejs[0m
[35m[1mScanning dependencies of target std_msgs_generate_messages_py[0m
[35m[1mScanning dependencies of target geometry_msgs_generate_messages_eus[0m
[35m[1mScanning dependencies of target nodelet_generate_messages_lisp[0m
[35m[1mScanning dependencies of target nodelet_generate_messages_nodejs[0m
[ 12%] Built target actionlib_generate_messages_lisp
[ 12%] Built target ackermann_msgs_generate_messages_cpp
[ 12%] Built target roscpp_generate_messages_lisp
[ 12%] Built target std_msgs_generate_messages_lisp
[ 12%] Built target _catkin_empty_exported_target
[ 12%] Built target actionlib_generate_messages_nodejs
[ 12%] Built target actionlib_msgs_generate_messages_eus
[ 12%] Built target roscpp_generate_messages_eus
[ 12%] Built target std_msgs_generate_messages_nodejs
[ 12%] Built target dynamic_reconfigure_generate_messages_py
[ 12%] Built target std_msgs_generate_messages_py
[ 12%] Built target geometry_msgs_generate_messages_eus
[ 12%] Built target nodelet_generate_messages_nodejs
[ 12%] Built target nodelet_generate_messages_lisp
[35m[1mScanning dependencies of target bond_generate_messages_nodejs[0m
[35m[1mScanning dependencies of target visualization_msgs_generate_messages_eus[0m
[35m[1mScanning dependencies of target roscpp_generate_messages_cpp[0m
[35m[1mScanning dependencies of target kal_controller_ros_tool_geninterface[0m
[35m[1mScanning dependencies of target rosgraph_msgs_generate_messages_eus[0m
[35m[1mScanning dependencies of target nav_msgs_generate_messages_cpp[0m
[35m[1mScanning dependencies of target nodelet_generate_messages_py[0m
[35m[1mScanning dependencies of target bond_generate_messages_eus[0m
[35m[1mScanning dependencies of target ackermann_msgs_generate_messages_nodejs[0m
[35m[1mScanning dependencies of target bond_generate_messages_lisp[0m
[35m[1mScanning dependencies of target bond_generate_messages_py[0m
[35m[1mScanning dependencies of target ackermann_msgs_generate_messages_eus[0m
[35m[1mScanning dependencies of target ackermann_msgs_generate_messages_lisp[0m
[ 12%] Built target roscpp_generate_messages_cpp
[ 12%] Built target rosgraph_msgs_generate_messages_eus
[ 12%] Built target bond_generate_messages_nodejs
[ 12%] Built target nav_msgs_generate_messages_cpp
[ 12%] Built target visualization_msgs_generate_messages_eus
[35m[1mScanning dependencies of target ackermann_msgs_generate_messages_py[0m
[ 25%] Built target nodelet_generate_messages_py
[ 25%] [34m[1mGenerating interface files from Controller[0m
[ 25%] Built target bond_generate_messages_eus
[ 25%] Built target ackermann_msgs_generate_messages_nodejs
[ 25%] Built target bond_generate_messages_lisp
[ 25%] Built target bond_generate_messages_py
[ 25%] Built target ackermann_msgs_generate_messages_eus
[ 25%] Built target ackermann_msgs_generate_messages_lisp
[35m[1mScanning dependencies of target dynamic_reconfigure_generate_messages_eus[0m
[35m[1mScanning dependencies of target geometry_msgs_generate_messages_nodejs[0m
[35m[1mScanning dependencies of target dynamic_reconfigure_generate_messages_cpp[0m
[35m[1mScanning dependencies of target tf2_msgs_generate_messages_cpp[0m
[35m[1mScanning dependencies of target dynamic_reconfigure_generate_messages_lisp[0m
[35m[1mScanning dependencies of target tf2_msgs_generate_messages_py[0m
[ 25%] Built target ackermann_msgs_generate_messages_py
[35m[1mScanning dependencies of target bond_generate_messages_cpp[0m
[35m[1mScanning dependencies of target dynamic_reconfigure_generate_messages_nodejs[0m
[35m[1mScanning dependencies of target geometry_msgs_generate_messages_cpp[0m
[ 37%] [34m[1mGenerating dynamic reconfigure files from /home/yzz/kal_ws/devel/.private/kal_controller_ros_tool/share/kal_controller_ros_tool/cfg/Controller.cfg: /home/yzz/kal_ws/devel/.private/kal_controller_ros_tool/include/kal_controller_ros_tool/ControllerConfig.h /home/yzz/kal_ws/devel/.private/kal_controller_ros_tool/lib/python3/dist-packages/kal_controller_ros_tool/cfg/ControllerConfig.py[0m
[35m[1mScanning dependencies of target geometry_msgs_generate_messages_lisp[0m
[35m[1mScanning dependencies of target geometry_msgs_generate_messages_py[0m
[35m[1mScanning dependencies of target nav_msgs_generate_messages_py[0m
[ 37%] Built target geometry_msgs_generate_messages_nodejs
[ 37%] Built target dynamic_reconfigure_generate_messages_eus
[ 37%] Built target dynamic_reconfigure_generate_messages_cpp
[ 37%] Built target dynamic_reconfigure_generate_messages_lisp
[ 37%] Built target tf2_msgs_generate_messages_cpp
[ 37%] Built target tf2_msgs_generate_messages_py
[35m[1mScanning dependencies of target nav_msgs_generate_messages_eus[0m
[ 37%] Built target bond_generate_messages_cpp
Generating interface file for node controller (class Controller) in package kal_controller_ros_tool
[ 37%] Built target geometry_msgs_generate_messages_cpp
[ 37%] Built target dynamic_reconfigure_generate_messages_nodejs
[ 37%] Built target geometry_msgs_generate_messages_py
[35m[1mScanning dependencies of target nav_msgs_generate_messages_lisp[0m
[ 37%] Built target nav_msgs_generate_messages_py
[ 37%] Built target geometry_msgs_generate_messages_lisp
[ 37%] Built target nav_msgs_generate_messages_eus
[ 37%] Built target nav_msgs_generate_messages_lisp
Generating reconfiguration files for Controller in kal_controller_ros_tool
Wrote header file in /home/yzz/kal_ws/devel/.private/kal_controller_ros_tool/include/kal_controller_ros_tool/ControllerConfig.h
[ 37%] Built target kal_controller_ros_tool_geninterface
[ 37%] Built target kal_controller_ros_tool_gencfg
[35m[1mScanning dependencies of target kal_controller_ros_tool-controller-nodelet[0m
[ 50%] [32mBuilding CXX object CMakeFiles/kal_controller_ros_tool-controller-nodelet.dir/src/controller/controller.cpp.o[0m
[ 62%] [32mBuilding CXX object CMakeFiles/kal_controller_ros_tool-controller-nodelet.dir/src/controller/controller_nodelet.cpp.o[0m
In file included from [01m[K/home/yzz/kal_ws/src/kal_controller/include/kal_controller/controller.hpp:3[m[K,
                 from [01m[K/home/yzz/kal_ws/src/kal_controller_ros_tool/src/controller/controller.hpp:10[m[K,
                 from [01m[K/home/yzz/kal_ws/src/kal_controller_ros_tool/src/controller/controller_nodelet.cpp:4[m[K:
[01m[K/home/yzz/kal_ws/src/kal_controller/include/kal_controller/types.hpp:40:10:[m[K [01;31m[Kerror: [m[Kâ€˜[01m[Koptional[m[Kâ€™ in namespace â€˜[01m[Kstd[m[Kâ€™ does not name a template type
   40 |     std::[01;31m[Koptional[m[K<DebugInfo> debugInfo;
      |          [01;31m[K^~~~~~~~[m[K
[01m[K/home/yzz/kal_ws/src/kal_controller/include/kal_controller/types.hpp:40:5:[m[K [01;36m[Knote: [m[Kâ€˜[01m[Kstd::optional[m[Kâ€™ is only available from C++17 onwards
   40 |     [01;36m[Kstd[m[K::optional<DebugInfo> debugInfo;
      |     [01;36m[K^~~[m[K
In file included from [01m[K/home/yzz/kal_ws/src/kal_controller/include/kal_controller/controller.hpp:3[m[K,
                 from [01m[K/home/yzz/kal_ws/src/kal_controller_ros_tool/src/controller/controller.hpp:10[m[K,
                 from [01m[K/home/yzz/kal_ws/src/kal_controller_ros_tool/src/controller/controller.cpp:1[m[K:
[01m[K/home/yzz/kal_ws/src/kal_controller/include/kal_controller/types.hpp:40:10:[m[K [01;31m[Kerror: [m[Kâ€˜[01m[Koptional[m[Kâ€™ in namespace â€˜[01m[Kstd[m[Kâ€™ does not name a template type
   40 |     std::[01;31m[Koptional[m[K<DebugInfo> debugInfo;
      |          [01;31m[K^~~~~~~~[m[K
[01m[K/home/yzz/kal_ws/src/kal_controller/include/kal_controller/types.hpp:40:5:[m[K [01;36m[Knote: [m[Kâ€˜[01m[Kstd::optional[m[Kâ€™ is only available from C++17 onwards
   40 |     [01;36m[Kstd[m[K::optional<DebugInfo> debugInfo;
      |     [01;36m[K^~~[m[K
In file included from [01m[K/home/yzz/kal_ws/devel/.private/kal_controller_ros_tool/include/kal_controller_ros_tool/ControllerInterface.h:18[m[K,
                 from [01m[K/home/yzz/kal_ws/src/kal_controller_ros_tool/src/controller/controller.hpp:13[m[K,
                 from [01m[K/home/yzz/kal_ws/src/kal_controller_ros_tool/src/controller/controller_nodelet.cpp:4[m[K:
[01m[K/home/yzz/kal_ws/src/rosinterface_handler/include/rosinterface_handler/utilities.hpp:[m[K In function â€˜[01m[Kstd::string rosinterface_handler::asString(Arg&&, Args&& ...)[m[Kâ€™:
[01m[K/home/yzz/kal_ws/src/rosinterface_handler/include/rosinterface_handler/utilities.hpp:362:44:[m[K [01;35m[Kwarning: [m[Kfold-expressions only available with â€˜[01m[K-std=c++17[m[Kâ€™ or â€˜[01m[K-std=gnu++17[m[Kâ€™
  362 |     (oss << ... << std::forward<Args>(Args_[01;35m[K)[m[K);
      |                                            [01;35m[K^[m[K
In file included from [01m[K/home/yzz/kal_ws/devel/.private/kal_controller_ros_tool/include/kal_controller_ros_tool/ControllerInterface.h:18[m[K,
                 from [01m[K/home/yzz/kal_ws/src/kal_controller_ros_tool/src/controller/controller.hpp:13[m[K,
                 from [01m[K/home/yzz/kal_ws/src/kal_controller_ros_tool/src/controller/controller.cpp:1[m[K:
[01m[K/home/yzz/kal_ws/src/rosinterface_handler/include/rosinterface_handler/utilities.hpp:[m[K In function â€˜[01m[Kstd::string rosinterface_handler::asString(Arg&&, Args&& ...)[m[Kâ€™:
[01m[K/home/yzz/kal_ws/src/rosinterface_handler/include/rosinterface_handler/utilities.hpp:362:44:[m[K [01;35m[Kwarning: [m[Kfold-expressions only available with â€˜[01m[K-std=c++17[m[Kâ€™ or â€˜[01m[K-std=gnu++17[m[Kâ€™
  362 |     (oss << ... << std::forward<Args>(Args_[01;35m[K)[m[K);
      |                                            [01;35m[K^[m[K
In file included from [01m[K/home/yzz/kal_ws/src/kal_controller_ros_tool/src/controller/controller_nodelet.cpp:4[m[K:
[01m[K/home/yzz/kal_ws/src/kal_controller_ros_tool/src/controller/controller.hpp:[m[K At global scope:
[01m[K/home/yzz/kal_ws/src/kal_controller_ros_tool/src/controller/controller.hpp:94:10:[m[K [01;31m[Kerror: [m[Kâ€˜[01m[Koptional[m[Kâ€™ in namespace â€˜[01m[Kstd[m[Kâ€™ does not name a template type
   94 |     std::[01;31m[Koptional[m[K<Trajectory> trajectory_{std::nullopt};
      |          [01;31m[K^~~~~~~~[m[K
[01m[K/home/yzz/kal_ws/src/kal_controller_ros_tool/src/controller/controller.hpp:94:5:[m[K [01;36m[Knote: [m[Kâ€˜[01m[Kstd::optional[m[Kâ€™ is only available from C++17 onwards
   94 |     [01;36m[Kstd[m[K::optional<Trajectory> trajectory_{std::nullopt};
      |     [01;36m[K^~~[m[K
In file included from [01m[K/home/yzz/kal_ws/src/kal_controller_ros_tool/src/controller/controller.cpp:1[m[K:
[01m[K/home/yzz/kal_ws/src/kal_controller_ros_tool/src/controller/controller.hpp:[m[K At global scope:
[01m[K/home/yzz/kal_ws/src/kal_controller_ros_tool/src/controller/controller.hpp:94:10:[m[K [01;31m[Kerror: [m[Kâ€˜[01m[Koptional[m[Kâ€™ in namespace â€˜[01m[Kstd[m[Kâ€™ does not name a template type
   94 |     std::[01;31m[Koptional[m[K<Trajectory> trajectory_{std::nullopt};
      |          [01;31m[K^~~~~~~~[m[K
[01m[K/home/yzz/kal_ws/src/kal_controller_ros_tool/src/controller/controller.hpp:94:5:[m[K [01;36m[Knote: [m[Kâ€˜[01m[Kstd::optional[m[Kâ€™ is only available from C++17 onwards
   94 |     [01;36m[Kstd[m[K::optional<Trajectory> trajectory_{std::nullopt};
      |     [01;36m[K^~~[m[K
[01m[K/home/yzz/kal_ws/src/kal_controller_ros_tool/src/controller/controller.cpp:[m[K In member function â€˜[01m[Kvoid kal_controller_ros_tool::ControllerNode::trajectoryCallback(const ConstPtr&)[m[Kâ€™:
[01m[K/home/yzz/kal_ws/src/kal_controller_ros_tool/src/controller/controller.cpp:44:5:[m[K [01;31m[Kerror: [m[Kâ€˜[01m[Ktrajectory_[m[Kâ€™ was not declared in this scope; did you mean â€˜[01m[KtrajectoryMsg[m[Kâ€™?
   44 |     [01;31m[Ktrajectory_[m[K = conversions::trajectoryMsgToTrajectory(trajectoryMsg);
      |     [01;31m[K^~~~~~~~~~~[m[K
      |     [32m[KtrajectoryMsg[m[K
[01m[K/home/yzz/kal_ws/src/kal_controller_ros_tool/src/controller/controller.cpp:[m[K In member function â€˜[01m[Kvoid kal_controller_ros_tool::ControllerNode::controlLoopCallback(const ros::TimerEvent&)[m[Kâ€™:
[01m[K/home/yzz/kal_ws/src/kal_controller_ros_tool/src/controller/controller.cpp:66:53:[m[K [01;31m[Kerror: [m[Kâ€˜[01m[Ktrajectory_[m[Kâ€™ was not declared in this scope; did you mean â€˜[01m[KtrajectoryStamp_[m[Kâ€™?
   66 |         controller_.getControlCommand(vehiclePose, *[01;31m[Ktrajectory_[m[K, interface_.publish_debug_info);
      |                                                     [01;31m[K^~~~~~~~~~~[m[K
      |                                                     [32m[KtrajectoryStamp_[m[K
[01m[K/home/yzz/kal_ws/src/kal_controller_ros_tool/src/controller/controller.cpp:74:24:[m[K [01;31m[Kerror: [m[Kâ€˜[01m[Kstruct kal_controller::ControlCommand[m[Kâ€™ has no member named â€˜[01m[KdebugInfo[m[Kâ€™; did you mean â€˜[01m[KDebugInfo[m[Kâ€™?
   74 |     if (controlCommand.[01;31m[KdebugInfo[m[K) {
      |                        [01;31m[K^~~~~~~~~[m[K
      |                        [32m[KDebugInfo[m[K
[01m[K/home/yzz/kal_ws/src/kal_controller_ros_tool/src/controller/controller.cpp:75:41:[m[K [01;31m[Kerror: [m[Kâ€˜[01m[Kstruct kal_controller::ControlCommand[m[Kâ€™ has no member named â€˜[01m[KdebugInfo[m[Kâ€™; did you mean â€˜[01m[KDebugInfo[m[Kâ€™?
   75 |         publishDebugInfo(controlCommand.[01;31m[KdebugInfo[m[K.value(), stamp);
      |                                         [01;31m[K^~~~~~~~~[m[K
      |                                         [32m[KDebugInfo[m[K
[01m[K/home/yzz/kal_ws/src/kal_controller_ros_tool/src/controller/controller.cpp:[m[K In member function â€˜[01m[Kbool kal_controller_ros_tool::ControllerNode::checkTrajectoryExists() const[m[Kâ€™:
[01m[K/home/yzz/kal_ws/src/kal_controller_ros_tool/src/controller/controller.cpp:106:10:[m[K [01;31m[Kerror: [m[Kâ€˜[01m[Ktrajectory_[m[Kâ€™ was not declared in this scope; did you mean â€˜[01m[KtrajectoryStamp_[m[Kâ€™?
  106 |     if (![01;31m[Ktrajectory_[m[K) {
      |          [01;31m[K^~~~~~~~~~~[m[K
      |          [32m[KtrajectoryStamp_[m[K
[01m[K/home/yzz/kal_ws/src/kal_controller_ros_tool/src/controller/controller.cpp:[m[K In member function â€˜[01m[Kbool kal_controller_ros_tool::ControllerNode::checkTrajectoryLength() const[m[Kâ€™:
[01m[K/home/yzz/kal_ws/src/kal_controller_ros_tool/src/controller/controller.cpp:131:9:[m[K [01;31m[Kerror: [m[Kâ€˜[01m[Ktrajectory_[m[Kâ€™ was not declared in this scope; did you mean â€˜[01m[KtrajectoryStamp_[m[Kâ€™?
  131 |     if ([01;31m[Ktrajectory_[m[K->size() < trajectoryMinimumLength) {
      |         [01;31m[K^~~~~~~~~~~[m[K
      |         [32m[KtrajectoryStamp_[m[K
make[2]: *** [CMakeFiles/kal_controller_ros_tool-controller-nodelet.dir/build.make:76: CMakeFiles/kal_controller_ros_tool-controller-nodelet.dir/src/controller/controller_nodelet.cpp.o] Error 1
make[2]: *** Waiting for unfinished jobs....
make[2]: *** [CMakeFiles/kal_controller_ros_tool-controller-nodelet.dir/build.make:63: CMakeFiles/kal_controller_ros_tool-controller-nodelet.dir/src/controller/controller.cpp.o] Error 1
make[1]: *** [CMakeFiles/Makefile2:377: CMakeFiles/kal_controller_ros_tool-controller-nodelet.dir/all] Error 2
make: *** [Makefile:141: all] Error 2
