[35m[1mScanning dependencies of target _catkin_empty_exported_target[0m
[  0%] Built target _catkin_empty_exported_target
[35m[1mScanning dependencies of target kal_controller[0m
[ 50%] [32mBuilding CXX object CMakeFiles/kal_controller.dir/src/controller.cpp.o[0m
In file included from [01m[K/home/yzz/kal_ws/src/kal_controller/include/kal_controller/controller.hpp:3[m[K,
                 from [01m[K/home/yzz/kal_ws/src/kal_controller/src/controller.cpp:1[m[K:
[01m[K/home/yzz/kal_ws/src/kal_controller/include/kal_controller/types.hpp:40:10:[m[K [01;31m[Kerror: [m[Kâ€˜[01m[Koptional[m[Kâ€™ in namespace â€˜[01m[Kstd[m[Kâ€™ does not name a template type
   40 |     std::[01;31m[Koptional[m[K<DebugInfo> debugInfo;
      |          [01;31m[K^~~~~~~~[m[K
[01m[K/home/yzz/kal_ws/src/kal_controller/include/kal_controller/types.hpp:40:5:[m[K [01;36m[Knote: [m[Kâ€˜[01m[Kstd::optional[m[Kâ€™ is only available from C++17 onwards
   40 |     [01;36m[Kstd[m[K::optional<DebugInfo> debugInfo;
      |     [01;36m[K^~~[m[K
[01m[K/home/yzz/kal_ws/src/kal_controller/src/controller.cpp:[m[K In member function â€˜[01m[Kkal_controller::ControlCommand kal_controller::Controller::getControlCommand(const Pose&, const Trajectory&, bool) const[m[Kâ€™:
[01m[K/home/yzz/kal_ws/src/kal_controller/src/controller.cpp:23:14:[m[K [01;31m[Kerror: [m[Kâ€˜[01m[Kclamp[m[Kâ€™ is not a member of â€˜[01m[Kstd[m[Kâ€™
   23 |         std::[01;31m[Kclamp[m[K(indexOfClosestPointOnTrajectory, static_cast<size_t>(0), trajectory.size() - 2);
      |              [01;31m[K^~~~~[m[K
[01m[K/home/yzz/kal_ws/src/kal_controller/src/controller.cpp:35:47:[m[K [01;31m[Kerror: [m[Kâ€˜[01m[Kclamp[m[Kâ€™ is not a member of â€˜[01m[Kstd[m[Kâ€™
   35 |     size_t indexForCurvatureEstimation = std::[01;31m[Kclamp[m[K(
      |                                               [01;31m[K^~~~~[m[K
[01m[K/home/yzz/kal_ws/src/kal_controller/src/controller.cpp:56:26:[m[K [01;31m[Kerror: [m[Kâ€˜[01m[Kclamp[m[Kâ€™ is not a member of â€˜[01m[Kstd[m[Kâ€™
   56 |     steeringAngle = std::[01;31m[Kclamp[m[K(steeringAngle, -parameters_.steeringAngleMax, parameters_.steeringAngleMax);
      |                          [01;31m[K^~~~~[m[K
[01m[K/home/yzz/kal_ws/src/kal_controller/src/controller.cpp:58:10:[m[K [01;31m[Kerror: [m[Kâ€˜[01m[Koptional[m[Kâ€™ is not a member of â€˜[01m[Kstd[m[Kâ€™
   58 |     std::[01;31m[Koptional[m[K<ControlCommand::DebugInfo> debugInfo;
      |          [01;31m[K^~~~~~~~[m[K
[01m[K/home/yzz/kal_ws/src/kal_controller/src/controller.cpp:58:10:[m[K [01;36m[Knote: [m[Kâ€˜[01m[Kstd::optional[m[Kâ€™ is only available from C++17 onwards
[01m[K/home/yzz/kal_ws/src/kal_controller/src/controller.cpp:58:44:[m[K [01;31m[Kerror: [m[Kexpected primary-expression before â€˜[01m[K>[m[Kâ€™ token
   58 |     std::optional<ControlCommand::DebugInfo[01;31m[K>[m[K debugInfo;
      |                                            [01;31m[K^[m[K
[01m[K/home/yzz/kal_ws/src/kal_controller/src/controller.cpp:58:46:[m[K [01;31m[Kerror: [m[Kâ€˜[01m[KdebugInfo[m[Kâ€™ was not declared in this scope
   58 |     std::optional<ControlCommand::DebugInfo> [01;31m[KdebugInfo[m[K;
      |                                              [01;31m[K^~~~~~~~~[m[K
[01m[K/home/yzz/kal_ws/src/kal_controller/src/controller.cpp:70:44:[m[K [01;31m[Kerror: [m[Kcould not convert â€˜[01m[K{speed, steeringAngle, debugInfo}[m[Kâ€™ from â€˜[01m[K<brace-enclosed initializer list>[m[Kâ€™ to â€˜[01m[Kkal_controller::ControlCommand[m[Kâ€™
   70 |     return {speed, steeringAngle, debugInfo[01;31m[K}[m[K;
      |                                            [01;31m[K^[m[K
      |                                            [01;31m[K|[m[K
      |                                            [01;31m[K<brace-enclosed initializer list>[m[K
make[2]: *** [CMakeFiles/kal_controller.dir/build.make:63: CMakeFiles/kal_controller.dir/src/controller.cpp.o] Error 1
make[1]: *** [CMakeFiles/Makefile2:542: CMakeFiles/kal_controller.dir/all] Error 2
make: *** [Makefile:141: all] Error 2
